
     Program GWW v.7.2 starts on  2Jun2023 at 14:11:12 

     This program is part of the open-source Quantum ESPRESSO suite
     for quantum simulation of materials; please cite
         "P. Giannozzi et al., J. Phys.:Condens. Matter 21 395502 (2009);
         "P. Giannozzi et al., J. Phys.:Condens. Matter 29 465901 (2017);
         "P. Giannozzi et al., J. Chem. Phys. 152 154105 (2020);
          URL http://www.quantum-espresso.org", 
     in publications or presentations arising from this work. More details at
     http://www.quantum-espresso.org/quote

     Parallel version (MPI & OpenMP), running on       4 processor cores
     Number of MPI processes:                 1
     Threads/MPI process:                     4

     MPI processes distributed on     1 nodes
     0 MiB available memory on the printing compute node when the environment starts

 MPI PARALLEL VERSION
 Number of procs:            1
 GWL: Version 1.00
 Number of intervals:           97
 Number of intervals for fit:         120
 Maximum imaginary time:    9.8000000000000007     
 Print whole Sigma:  F
 Maximum state considered:          32
 Prefix:output/si
 Rows together in FFT:          50
 Accurate treatment of conduction states
 Uses contractions on single states
 Uses no fft grid for time/space integrations
 Time grid :           3
 Frequency grid :           5
 Max frequency :   20.000000000000000     
 Consider states from:           1  to           32
 Maximum number of iterations in minpack:        20000
 Number of cycles over minpack:            1
 Uses LDA Hartree : T
 Uses LDA Exchange : T
 Uses SYMMETRIZED DIELECTRIC MATRIX
 Head of dielectric matrix from file
 Treatment of W divergence:           0
 Wings of dielectric matrix from file
 Offset fit :           2
 Read vcprim terms from file
 Calculates the polarization directly from the overlaps
 Polarization Calculated through Lanczos scheme
 Self-energy Calculated through Lanczos scheme
 Convolution done analytically
 Block length fequency         100
 Block length states           5
 Block length valence states          16
 Block length fequency lc           1
 Reduced disk I/O
 Uses double grid, subdivisions:          10  till :           1
 t vectors from Wannier products
 Use truncated Extended interaction
 Calculate Self-energy through FT
 Spin multiplicity:           1
 Partiallly occpuied states: F
 min        -127           0           1         255
 max         127           0         255         255
 min pola           0
 max pola         127
 min state           1
 max state          32
 min state range           1
 max state range          32
 DB1          97
 DB2
 DB3
 N:         127         127
 Omega:   20.000000000000000        20.000000000000000     
 freq:        -127  -20.000000000000000       -20.000000000000000     
 weight:        -127  0.20618556701030927       0.20618556701030927     
 freq:        -126  -19.793814432989691       -19.793814432989691     
 weight:        -126  0.20618556701030927       0.20618556701030927     
 freq:        -125  -19.587628865979379       -19.587628865979379     
 weight:        -125  0.20618556701030927       0.20618556701030927     
 freq:        -124  -19.381443298969071       -19.381443298969071     
 weight:        -124  0.20618556701030927       0.20618556701030927     
 freq:        -123  -19.175257731958762       -19.175257731958762     
 weight:        -123  0.20618556701030927       0.20618556701030927     
 freq:        -122  -18.969072164948454       -18.969072164948454     
 weight:        -122  0.20618556701030927       0.20618556701030927     
 freq:        -121  -18.762886597938142       -18.762886597938142     
 weight:        -121  0.20618556701030927       0.20618556701030927     
 freq:        -120  -18.556701030927833       -18.556701030927833     
 weight:        -120  0.20618556701030927       0.20618556701030927     
 freq:        -119  -18.350515463917525       -18.350515463917525     
 weight:        -119  0.20618556701030927       0.20618556701030927     
 freq:        -118  -18.144329896907216       -18.144329896907216     
 weight:        -118  0.20618556701030927       0.20618556701030927     
 freq:        -117  -17.938144329896907       -17.938144329896907     
 weight:        -117  0.20618556701030927       0.20618556701030927     
 freq:        -116  -17.731958762886595       -17.731958762886595     
 weight:        -116  0.20618556701030927       0.20618556701030927     
 freq:        -115  -17.525773195876287       -17.525773195876287     
 weight:        -115  0.20618556701030927       0.20618556701030927     
 freq:        -114  -17.319587628865978       -17.319587628865978     
 weight:        -114  0.20618556701030927       0.20618556701030927     
 freq:        -113  -17.113402061855670       -17.113402061855670     
 weight:        -113  0.20618556701030927       0.20618556701030927     
 freq:        -112  -16.907216494845361       -16.907216494845361     
 weight:        -112  0.20618556701030927       0.20618556701030927     
 freq:        -111  -16.701030927835049       -16.701030927835049     
 weight:        -111  0.20618556701030927       0.20618556701030927     
 freq:        -110  -16.494845360824741       -16.494845360824741     
 weight:        -110  0.20618556701030927       0.20618556701030927     
 freq:        -109  -16.288659793814432       -16.288659793814432     
 weight:        -109  0.20618556701030927       0.20618556701030927     
 freq:        -108  -16.082474226804123       -16.082474226804123     
 weight:        -108  0.20618556701030927       0.20618556701030927     
 freq:        -107  -15.876288659793813       -15.876288659793813     
 weight:        -107  0.20618556701030927       0.20618556701030927     
 freq:        -106  -15.670103092783505       -15.670103092783505     
 weight:        -106  0.20618556701030927       0.20618556701030927     
 freq:        -105  -15.463917525773194       -15.463917525773194     
 weight:        -105  0.20618556701030927       0.20618556701030927     
 freq:        -104  -15.257731958762886       -15.257731958762886     
 weight:        -104  0.20618556701030927       0.20618556701030927     
 freq:        -103  -15.051546391752577       -15.051546391752577     
 weight:        -103  0.20618556701030927       0.20618556701030927     
 freq:        -102  -14.845360824742267       -14.845360824742267     
 weight:        -102  0.20618556701030927       0.20618556701030927     
 freq:        -101  -14.639175257731958       -14.639175257731958     
 weight:        -101  0.20618556701030927       0.20618556701030927     
 freq:        -100  -14.432989690721648       -14.432989690721648     
 weight:        -100  0.20618556701030927       0.20618556701030927     
 freq:         -99  -14.226804123711339       -14.226804123711339     
 weight:         -99  0.20618556701030927       0.20618556701030927     
 freq:         -98  -14.020618556701031       -14.020618556701031     
 weight:         -98  0.20618556701030927       0.20618556701030927     
 freq:         -97  -13.814432989690721       -13.814432989690721     
 weight:         -97  0.20618556701030927       0.20618556701030927     
 freq:         -96  -13.608247422680412       -13.608247422680412     
 weight:         -96  0.20618556701030927       0.20618556701030927     
 freq:         -95  -13.402061855670102       -13.402061855670102     
 weight:         -95  0.20618556701030927       0.20618556701030927     
 freq:         -94  -13.195876288659793       -13.195876288659793     
 weight:         -94  0.20618556701030927       0.20618556701030927     
 freq:         -93  -12.989690721649485       -12.989690721649485     
 weight:         -93  0.20618556701030927       0.20618556701030927     
 freq:         -92  -12.783505154639174       -12.783505154639174     
 weight:         -92  0.20618556701030927       0.20618556701030927     
 freq:         -91  -12.577319587628866       -12.577319587628866     
 weight:         -91  0.20618556701030927       0.20618556701030927     
 freq:         -90  -12.371134020618555       -12.371134020618555     
 weight:         -90  0.20618556701030927       0.20618556701030927     
 freq:         -89  -12.164948453608247       -12.164948453608247     
 weight:         -89  0.20618556701030927       0.20618556701030927     
 freq:         -88  -11.958762886597938       -11.958762886597938     
 weight:         -88  0.20618556701030927       0.20618556701030927     
 freq:         -87  -11.752577319587628       -11.752577319587628     
 weight:         -87  0.20618556701030927       0.20618556701030927     
 freq:         -86  -11.546391752577319       -11.546391752577319     
 weight:         -86  0.20618556701030927       0.20618556701030927     
 freq:         -85  -11.340206185567009       -11.340206185567009     
 weight:         -85  0.20618556701030927       0.20618556701030927     
 freq:         -84  -11.134020618556701       -11.134020618556701     
 weight:         -84  0.20618556701030927       0.20618556701030927     
 freq:         -83  -10.927835051546392       -10.927835051546392     
 weight:         -83  0.20618556701030927       0.20618556701030927     
 freq:         -82  -10.721649484536082       -10.721649484536082     
 weight:         -82  0.20618556701030927       0.20618556701030927     
 freq:         -81  -10.515463917525773       -10.515463917525773     
 weight:         -81  0.20618556701030927       0.20618556701030927     
 freq:         -80  -10.309278350515463       -10.309278350515463     
 weight:         -80  0.20618556701030927       0.20618556701030927     
 freq:         -79  -10.103092783505154       -10.103092783505154     
 weight:         -79  0.20618556701030927       0.20618556701030927     
 freq:         -78  -9.8969072164948457       -9.8969072164948457     
 weight:         -78  0.20618556701030927       0.20618556701030927     
 freq:         -77  -9.6907216494845354       -9.6907216494845354     
 weight:         -77  0.20618556701030927       0.20618556701030927     
 freq:         -76  -9.4845360824742269       -9.4845360824742269     
 weight:         -76  0.20618556701030927       0.20618556701030927     
 freq:         -75  -9.2783505154639165       -9.2783505154639165     
 weight:         -75  0.20618556701030927       0.20618556701030927     
 freq:         -74  -9.0721649484536080       -9.0721649484536080     
 weight:         -74  0.20618556701030927       0.20618556701030927     
 freq:         -73  -8.8659793814432977       -8.8659793814432977     
 weight:         -73  0.20618556701030927       0.20618556701030927     
 freq:         -72  -8.6597938144329891       -8.6597938144329891     
 weight:         -72  0.20618556701030927       0.20618556701030927     
 freq:         -71  -8.4536082474226806       -8.4536082474226806     
 weight:         -71  0.20618556701030927       0.20618556701030927     
 freq:         -70  -8.2474226804123703       -8.2474226804123703     
 weight:         -70  0.20618556701030927       0.20618556701030927     
 freq:         -69  -8.0412371134020617       -8.0412371134020617     
 weight:         -69  0.20618556701030927       0.20618556701030927     
 freq:         -68  -7.8350515463917523       -7.8350515463917523     
 weight:         -68  0.20618556701030927       0.20618556701030927     
 freq:         -67  -7.6288659793814428       -7.6288659793814428     
 weight:         -67  0.20618556701030927       0.20618556701030927     
 freq:         -66  -7.4226804123711334       -7.4226804123711334     
 weight:         -66  0.20618556701030927       0.20618556701030927     
 freq:         -65  -7.2164948453608240       -7.2164948453608240     
 weight:         -65  0.20618556701030927       0.20618556701030927     
 freq:         -64  -7.0103092783505154       -7.0103092783505154     
 weight:         -64  0.20618556701030927       0.20618556701030927     
 freq:         -63  -6.8041237113402060       -6.8041237113402060     
 weight:         -63  0.20618556701030927       0.20618556701030927     
 freq:         -62  -6.5979381443298966       -6.5979381443298966     
 weight:         -62  0.20618556701030927       0.20618556701030927     
 freq:         -61  -6.3917525773195871       -6.3917525773195871     
 weight:         -61  0.20618556701030927       0.20618556701030927     
 freq:         -60  -6.1855670103092777       -6.1855670103092777     
 weight:         -60  0.20618556701030927       0.20618556701030927     
 freq:         -59  -5.9793814432989691       -5.9793814432989691     
 weight:         -59  0.20618556701030927       0.20618556701030927     
 freq:         -58  -5.7731958762886597       -5.7731958762886597     
 weight:         -58  0.20618556701030927       0.20618556701030927     
 freq:         -57  -5.5670103092783503       -5.5670103092783503     
 weight:         -57  0.20618556701030927       0.20618556701030927     
 freq:         -56  -5.3608247422680408       -5.3608247422680408     
 weight:         -56  0.20618556701030927       0.20618556701030927     
 freq:         -55  -5.1546391752577314       -5.1546391752577314     
 weight:         -55  0.20618556701030927       0.20618556701030927     
 freq:         -54  -4.9484536082474229       -4.9484536082474229     
 weight:         -54  0.20618556701030927       0.20618556701030927     
 freq:         -53  -4.7422680412371134       -4.7422680412371134     
 weight:         -53  0.20618556701030927       0.20618556701030927     
 freq:         -52  -4.5360824742268040       -4.5360824742268040     
 weight:         -52  0.20618556701030927       0.20618556701030927     
 freq:         -51  -4.3298969072164946       -4.3298969072164946     
 weight:         -51  0.20618556701030927       0.20618556701030927     
 freq:         -50  -4.1237113402061851       -4.1237113402061851     
 weight:         -50  0.20618556701030927       0.20618556701030927     
 freq:         -49  -3.9175257731958761       -3.9175257731958761     
 weight:         -49  0.20618556701030927       0.20618556701030927     
 freq:         -48  -3.7113402061855667       -3.7113402061855667     
 weight:         -48  0.20618556701030927       0.20618556701030927     
 freq:         -47  -3.5051546391752577       -3.5051546391752577     
 weight:         -47  0.20618556701030927       0.20618556701030927     
 freq:         -46  -3.2989690721649483       -3.2989690721649483     
 weight:         -46  0.20618556701030927       0.20618556701030927     
 freq:         -45  -3.0927835051546388       -3.0927835051546388     
 weight:         -45  0.20618556701030927       0.20618556701030927     
 freq:         -44  -2.8865979381443299       -2.8865979381443299     
 weight:         -44  0.20618556701030927       0.20618556701030927     
 freq:         -43  -2.6804123711340204       -2.6804123711340204     
 weight:         -43  0.20618556701030927       0.20618556701030927     
 freq:         -42  -2.4742268041237114       -2.4742268041237114     
 weight:         -42  0.20618556701030927       0.20618556701030927     
 freq:         -41  -2.2680412371134020       -2.2680412371134020     
 weight:         -41  0.20618556701030927       0.20618556701030927     
 freq:         -40  -2.0618556701030926       -2.0618556701030926     
 weight:         -40  0.20618556701030927       0.20618556701030927     
 freq:         -39  -1.8556701030927834       -1.8556701030927834     
 weight:         -39  0.20618556701030927       0.20618556701030927     
 freq:         -38  -1.6494845360824741       -1.6494845360824741     
 weight:         -38  0.20618556701030927       0.20618556701030927     
 freq:         -37  -1.4432989690721649       -1.4432989690721649     
 weight:         -37  0.20618556701030927       0.20618556701030927     
 freq:         -36  -1.2371134020618557       -1.2371134020618557     
 weight:         -36  0.20618556701030927       0.20618556701030927     
 freq:         -35  -1.0309278350515463       -1.0309278350515463     
 weight:         -35  0.20618556701030927       0.20618556701030927     
 freq:         -34 -0.82474226804123707      -0.82474226804123707     
 weight:         -34  0.20618556701030927       0.20618556701030927     
 freq:         -33 -0.61855670103092786      -0.61855670103092786     
 weight:         -33  0.20618556701030927       0.20618556701030927     
 freq:         -32 -0.41237113402061853      -0.41237113402061853     
 weight:         -32  0.20618556701030927       0.20618556701030927     
 freq:         -31 -0.30412371134020622      -0.30412371134020622     
 weight:         -31   1.0309278350515464E-002   1.0309278350515464E-002
 freq:         -30 -0.29381443298969073      -0.29381443298969073     
 weight:         -30   1.0309278350515464E-002   1.0309278350515464E-002
 freq:         -29 -0.28350515463917525      -0.28350515463917525     
 weight:         -29   1.0309278350515464E-002   1.0309278350515464E-002
 freq:         -28 -0.27319587628865982      -0.27319587628865982     
 weight:         -28   1.0309278350515464E-002   1.0309278350515464E-002
 freq:         -27 -0.26288659793814434      -0.26288659793814434     
 weight:         -27   1.0309278350515464E-002   1.0309278350515464E-002
 freq:         -26 -0.25257731958762886      -0.25257731958762886     
 weight:         -26   1.0309278350515464E-002   1.0309278350515464E-002
 freq:         -25 -0.24226804123711340      -0.24226804123711340     
 weight:         -25   1.0309278350515464E-002   1.0309278350515464E-002
 freq:         -24 -0.23195876288659792      -0.23195876288659792     
 weight:         -24   1.0309278350515464E-002   1.0309278350515464E-002
 freq:         -23 -0.22164948453608246      -0.22164948453608246     
 weight:         -23   1.0309278350515464E-002   1.0309278350515464E-002
 freq:         -22 -0.21134020618556701      -0.21134020618556701     
 weight:         -22   1.0309278350515464E-002   1.0309278350515464E-002
 freq:         -21 -0.20618556701030927      -0.20618556701030927     
 weight:         -21   0.0000000000000000        0.0000000000000000     
 freq:         -20 -0.20103092783505153      -0.20103092783505153     
 weight:         -20   1.0309278350515464E-002   1.0309278350515464E-002
 freq:         -19 -0.19072164948453607      -0.19072164948453607     
 weight:         -19   1.0309278350515464E-002   1.0309278350515464E-002
 freq:         -18 -0.18041237113402062      -0.18041237113402062     
 weight:         -18   1.0309278350515464E-002   1.0309278350515464E-002
 freq:         -17 -0.17010309278350513      -0.17010309278350513     
 weight:         -17   1.0309278350515464E-002   1.0309278350515464E-002
 freq:         -16 -0.15979381443298968      -0.15979381443298968     
 weight:         -16   1.0309278350515464E-002   1.0309278350515464E-002
 freq:         -15 -0.14948453608247422      -0.14948453608247422     
 weight:         -15   1.0309278350515464E-002   1.0309278350515464E-002
 freq:         -14 -0.13917525773195874      -0.13917525773195874     
 weight:         -14   1.0309278350515464E-002   1.0309278350515464E-002
 freq:         -13 -0.12886597938144329      -0.12886597938144329     
 weight:         -13   1.0309278350515464E-002   1.0309278350515464E-002
 freq:         -12 -0.11855670103092784      -0.11855670103092784     
 weight:         -12   1.0309278350515464E-002   1.0309278350515464E-002
 freq:         -11 -0.10824742268041238      -0.10824742268041238     
 weight:         -11   1.0309278350515464E-002   1.0309278350515464E-002
 freq:         -10  -9.7938144329896906E-002  -9.7938144329896906E-002
 weight:         -10   1.0309278350515464E-002   1.0309278350515464E-002
 freq:          -9  -8.7628865979381451E-002  -8.7628865979381451E-002
 weight:          -9   1.0309278350515464E-002   1.0309278350515464E-002
 freq:          -8  -7.7319587628865982E-002  -7.7319587628865982E-002
 weight:          -8   1.0309278350515464E-002   1.0309278350515464E-002
 freq:          -7  -6.7010309278350513E-002  -6.7010309278350513E-002
 weight:          -7   1.0309278350515464E-002   1.0309278350515464E-002
 freq:          -6  -5.6701030927835051E-002  -5.6701030927835051E-002
 weight:          -6   1.0309278350515464E-002   1.0309278350515464E-002
 freq:          -5  -4.6391752577319582E-002  -4.6391752577319582E-002
 weight:          -5   1.0309278350515464E-002   1.0309278350515464E-002
 freq:          -4  -3.6082474226804120E-002  -3.6082474226804120E-002
 weight:          -4   1.0309278350515464E-002   1.0309278350515464E-002
 freq:          -3  -2.5773195876288662E-002  -2.5773195876288662E-002
 weight:          -3   1.0309278350515464E-002   1.0309278350515464E-002
 freq:          -2  -1.5463917525773196E-002  -1.5463917525773196E-002
 weight:          -2   1.0309278350515464E-002   1.0309278350515464E-002
 freq:          -1  -5.1546391752577319E-003  -5.1546391752577319E-003
 weight:          -1   1.0309278350515464E-002   1.0309278350515464E-002
 freq:           0   0.0000000000000000        0.0000000000000000     
 weight:           0   0.0000000000000000        0.0000000000000000     
 freq:           1   5.1546391752577319E-003   5.1546391752577319E-003
 weight:           1   1.0309278350515464E-002   1.0309278350515464E-002
 freq:           2   1.5463917525773196E-002   1.5463917525773196E-002
 weight:           2   1.0309278350515464E-002   1.0309278350515464E-002
 freq:           3   2.5773195876288662E-002   2.5773195876288662E-002
 weight:           3   1.0309278350515464E-002   1.0309278350515464E-002
 freq:           4   3.6082474226804120E-002   3.6082474226804120E-002
 weight:           4   1.0309278350515464E-002   1.0309278350515464E-002
 freq:           5   4.6391752577319582E-002   4.6391752577319582E-002
 weight:           5   1.0309278350515464E-002   1.0309278350515464E-002
 freq:           6   5.6701030927835051E-002   5.6701030927835051E-002
 weight:           6   1.0309278350515464E-002   1.0309278350515464E-002
 freq:           7   6.7010309278350513E-002   6.7010309278350513E-002
 weight:           7   1.0309278350515464E-002   1.0309278350515464E-002
 freq:           8   7.7319587628865982E-002   7.7319587628865982E-002
 weight:           8   1.0309278350515464E-002   1.0309278350515464E-002
 freq:           9   8.7628865979381451E-002   8.7628865979381451E-002
 weight:           9   1.0309278350515464E-002   1.0309278350515464E-002
 freq:          10   9.7938144329896906E-002   9.7938144329896906E-002
 weight:          10   1.0309278350515464E-002   1.0309278350515464E-002
 freq:          11  0.10824742268041238       0.10824742268041238     
 weight:          11   1.0309278350515464E-002   1.0309278350515464E-002
 freq:          12  0.11855670103092784       0.11855670103092784     
 weight:          12   1.0309278350515464E-002   1.0309278350515464E-002
 freq:          13  0.12886597938144329       0.12886597938144329     
 weight:          13   1.0309278350515464E-002   1.0309278350515464E-002
 freq:          14  0.13917525773195874       0.13917525773195874     
 weight:          14   1.0309278350515464E-002   1.0309278350515464E-002
 freq:          15  0.14948453608247422       0.14948453608247422     
 weight:          15   1.0309278350515464E-002   1.0309278350515464E-002
 freq:          16  0.15979381443298968       0.15979381443298968     
 weight:          16   1.0309278350515464E-002   1.0309278350515464E-002
 freq:          17  0.17010309278350513       0.17010309278350513     
 weight:          17   1.0309278350515464E-002   1.0309278350515464E-002
 freq:          18  0.18041237113402062       0.18041237113402062     
 weight:          18   1.0309278350515464E-002   1.0309278350515464E-002
 freq:          19  0.19072164948453607       0.19072164948453607     
 weight:          19   1.0309278350515464E-002   1.0309278350515464E-002
 freq:          20  0.20103092783505153       0.20103092783505153     
 weight:          20   1.0309278350515464E-002   1.0309278350515464E-002
 freq:          21  0.20618556701030927       0.20618556701030927     
 weight:          21   0.0000000000000000        0.0000000000000000     
 freq:          22  0.21134020618556701       0.21134020618556701     
 weight:          22   1.0309278350515464E-002   1.0309278350515464E-002
 freq:          23  0.22164948453608246       0.22164948453608246     
 weight:          23   1.0309278350515464E-002   1.0309278350515464E-002
 freq:          24  0.23195876288659792       0.23195876288659792     
 weight:          24   1.0309278350515464E-002   1.0309278350515464E-002
 freq:          25  0.24226804123711340       0.24226804123711340     
 weight:          25   1.0309278350515464E-002   1.0309278350515464E-002
 freq:          26  0.25257731958762886       0.25257731958762886     
 weight:          26   1.0309278350515464E-002   1.0309278350515464E-002
 freq:          27  0.26288659793814434       0.26288659793814434     
 weight:          27   1.0309278350515464E-002   1.0309278350515464E-002
 freq:          28  0.27319587628865982       0.27319587628865982     
 weight:          28   1.0309278350515464E-002   1.0309278350515464E-002
 freq:          29  0.28350515463917525       0.28350515463917525     
 weight:          29   1.0309278350515464E-002   1.0309278350515464E-002
 freq:          30  0.29381443298969073       0.29381443298969073     
 weight:          30   1.0309278350515464E-002   1.0309278350515464E-002
 freq:          31  0.30412371134020622       0.30412371134020622     
 weight:          31   1.0309278350515464E-002   1.0309278350515464E-002
 freq:          32  0.41237113402061853       0.41237113402061853     
 weight:          32  0.20618556701030927       0.20618556701030927     
 freq:          33  0.61855670103092786       0.61855670103092786     
 weight:          33  0.20618556701030927       0.20618556701030927     
 freq:          34  0.82474226804123707       0.82474226804123707     
 weight:          34  0.20618556701030927       0.20618556701030927     
 freq:          35   1.0309278350515463        1.0309278350515463     
 weight:          35  0.20618556701030927       0.20618556701030927     
 freq:          36   1.2371134020618557        1.2371134020618557     
 weight:          36  0.20618556701030927       0.20618556701030927     
 freq:          37   1.4432989690721649        1.4432989690721649     
 weight:          37  0.20618556701030927       0.20618556701030927     
 freq:          38   1.6494845360824741        1.6494845360824741     
 weight:          38  0.20618556701030927       0.20618556701030927     
 freq:          39   1.8556701030927834        1.8556701030927834     
 weight:          39  0.20618556701030927       0.20618556701030927     
 freq:          40   2.0618556701030926        2.0618556701030926     
 weight:          40  0.20618556701030927       0.20618556701030927     
 freq:          41   2.2680412371134020        2.2680412371134020     
 weight:          41  0.20618556701030927       0.20618556701030927     
 freq:          42   2.4742268041237114        2.4742268041237114     
 weight:          42  0.20618556701030927       0.20618556701030927     
 freq:          43   2.6804123711340204        2.6804123711340204     
 weight:          43  0.20618556701030927       0.20618556701030927     
 freq:          44   2.8865979381443299        2.8865979381443299     
 weight:          44  0.20618556701030927       0.20618556701030927     
 freq:          45   3.0927835051546388        3.0927835051546388     
 weight:          45  0.20618556701030927       0.20618556701030927     
 freq:          46   3.2989690721649483        3.2989690721649483     
 weight:          46  0.20618556701030927       0.20618556701030927     
 freq:          47   3.5051546391752577        3.5051546391752577     
 weight:          47  0.20618556701030927       0.20618556701030927     
 freq:          48   3.7113402061855667        3.7113402061855667     
 weight:          48  0.20618556701030927       0.20618556701030927     
 freq:          49   3.9175257731958761        3.9175257731958761     
 weight:          49  0.20618556701030927       0.20618556701030927     
 freq:          50   4.1237113402061851        4.1237113402061851     
 weight:          50  0.20618556701030927       0.20618556701030927     
 freq:          51   4.3298969072164946        4.3298969072164946     
 weight:          51  0.20618556701030927       0.20618556701030927     
 freq:          52   4.5360824742268040        4.5360824742268040     
 weight:          52  0.20618556701030927       0.20618556701030927     
 freq:          53   4.7422680412371134        4.7422680412371134     
 weight:          53  0.20618556701030927       0.20618556701030927     
 freq:          54   4.9484536082474229        4.9484536082474229     
 weight:          54  0.20618556701030927       0.20618556701030927     
 freq:          55   5.1546391752577314        5.1546391752577314     
 weight:          55  0.20618556701030927       0.20618556701030927     
 freq:          56   5.3608247422680408        5.3608247422680408     
 weight:          56  0.20618556701030927       0.20618556701030927     
 freq:          57   5.5670103092783503        5.5670103092783503     
 weight:          57  0.20618556701030927       0.20618556701030927     
 freq:          58   5.7731958762886597        5.7731958762886597     
 weight:          58  0.20618556701030927       0.20618556701030927     
 freq:          59   5.9793814432989691        5.9793814432989691     
 weight:          59  0.20618556701030927       0.20618556701030927     
 freq:          60   6.1855670103092777        6.1855670103092777     
 weight:          60  0.20618556701030927       0.20618556701030927     
 freq:          61   6.3917525773195871        6.3917525773195871     
 weight:          61  0.20618556701030927       0.20618556701030927     
 freq:          62   6.5979381443298966        6.5979381443298966     
 weight:          62  0.20618556701030927       0.20618556701030927     
 freq:          63   6.8041237113402060        6.8041237113402060     
 weight:          63  0.20618556701030927       0.20618556701030927     
 freq:          64   7.0103092783505154        7.0103092783505154     
 weight:          64  0.20618556701030927       0.20618556701030927     
 freq:          65   7.2164948453608240        7.2164948453608240     
 weight:          65  0.20618556701030927       0.20618556701030927     
 freq:          66   7.4226804123711334        7.4226804123711334     
 weight:          66  0.20618556701030927       0.20618556701030927     
 freq:          67   7.6288659793814428        7.6288659793814428     
 weight:          67  0.20618556701030927       0.20618556701030927     
 freq:          68   7.8350515463917523        7.8350515463917523     
 weight:          68  0.20618556701030927       0.20618556701030927     
 freq:          69   8.0412371134020617        8.0412371134020617     
 weight:          69  0.20618556701030927       0.20618556701030927     
 freq:          70   8.2474226804123703        8.2474226804123703     
 weight:          70  0.20618556701030927       0.20618556701030927     
 freq:          71   8.4536082474226806        8.4536082474226806     
 weight:          71  0.20618556701030927       0.20618556701030927     
 freq:          72   8.6597938144329891        8.6597938144329891     
 weight:          72  0.20618556701030927       0.20618556701030927     
 freq:          73   8.8659793814432977        8.8659793814432977     
 weight:          73  0.20618556701030927       0.20618556701030927     
 freq:          74   9.0721649484536080        9.0721649484536080     
 weight:          74  0.20618556701030927       0.20618556701030927     
 freq:          75   9.2783505154639165        9.2783505154639165     
 weight:          75  0.20618556701030927       0.20618556701030927     
 freq:          76   9.4845360824742269        9.4845360824742269     
 weight:          76  0.20618556701030927       0.20618556701030927     
 freq:          77   9.6907216494845354        9.6907216494845354     
 weight:          77  0.20618556701030927       0.20618556701030927     
 freq:          78   9.8969072164948457        9.8969072164948457     
 weight:          78  0.20618556701030927       0.20618556701030927     
 freq:          79   10.103092783505154        10.103092783505154     
 weight:          79  0.20618556701030927       0.20618556701030927     
 freq:          80   10.309278350515463        10.309278350515463     
 weight:          80  0.20618556701030927       0.20618556701030927     
 freq:          81   10.515463917525773        10.515463917525773     
 weight:          81  0.20618556701030927       0.20618556701030927     
 freq:          82   10.721649484536082        10.721649484536082     
 weight:          82  0.20618556701030927       0.20618556701030927     
 freq:          83   10.927835051546392        10.927835051546392     
 weight:          83  0.20618556701030927       0.20618556701030927     
 freq:          84   11.134020618556701        11.134020618556701     
 weight:          84  0.20618556701030927       0.20618556701030927     
 freq:          85   11.340206185567009        11.340206185567009     
 weight:          85  0.20618556701030927       0.20618556701030927     
 freq:          86   11.546391752577319        11.546391752577319     
 weight:          86  0.20618556701030927       0.20618556701030927     
 freq:          87   11.752577319587628        11.752577319587628     
 weight:          87  0.20618556701030927       0.20618556701030927     
 freq:          88   11.958762886597938        11.958762886597938     
 weight:          88  0.20618556701030927       0.20618556701030927     
 freq:          89   12.164948453608247        12.164948453608247     
 weight:          89  0.20618556701030927       0.20618556701030927     
 freq:          90   12.371134020618555        12.371134020618555     
 weight:          90  0.20618556701030927       0.20618556701030927     
 freq:          91   12.577319587628866        12.577319587628866     
 weight:          91  0.20618556701030927       0.20618556701030927     
 freq:          92   12.783505154639174        12.783505154639174     
 weight:          92  0.20618556701030927       0.20618556701030927     
 freq:          93   12.989690721649485        12.989690721649485     
 weight:          93  0.20618556701030927       0.20618556701030927     
 freq:          94   13.195876288659793        13.195876288659793     
 weight:          94  0.20618556701030927       0.20618556701030927     
 freq:          95   13.402061855670102        13.402061855670102     
 weight:          95  0.20618556701030927       0.20618556701030927     
 freq:          96   13.608247422680412        13.608247422680412     
 weight:          96  0.20618556701030927       0.20618556701030927     
 freq:          97   13.814432989690721        13.814432989690721     
 weight:          97  0.20618556701030927       0.20618556701030927     
 freq:          98   14.020618556701031        14.020618556701031     
 weight:          98  0.20618556701030927       0.20618556701030927     
 freq:          99   14.226804123711339        14.226804123711339     
 weight:          99  0.20618556701030927       0.20618556701030927     
 freq:         100   14.432989690721648        14.432989690721648     
 weight:         100  0.20618556701030927       0.20618556701030927     
 freq:         101   14.639175257731958        14.639175257731958     
 weight:         101  0.20618556701030927       0.20618556701030927     
 freq:         102   14.845360824742267        14.845360824742267     
 weight:         102  0.20618556701030927       0.20618556701030927     
 freq:         103   15.051546391752577        15.051546391752577     
 weight:         103  0.20618556701030927       0.20618556701030927     
 freq:         104   15.257731958762886        15.257731958762886     
 weight:         104  0.20618556701030927       0.20618556701030927     
 freq:         105   15.463917525773194        15.463917525773194     
 weight:         105  0.20618556701030927       0.20618556701030927     
 freq:         106   15.670103092783505        15.670103092783505     
 weight:         106  0.20618556701030927       0.20618556701030927     
 freq:         107   15.876288659793813        15.876288659793813     
 weight:         107  0.20618556701030927       0.20618556701030927     
 freq:         108   16.082474226804123        16.082474226804123     
 weight:         108  0.20618556701030927       0.20618556701030927     
 freq:         109   16.288659793814432        16.288659793814432     
 weight:         109  0.20618556701030927       0.20618556701030927     
 freq:         110   16.494845360824741        16.494845360824741     
 weight:         110  0.20618556701030927       0.20618556701030927     
 freq:         111   16.701030927835049        16.701030927835049     
 weight:         111  0.20618556701030927       0.20618556701030927     
 freq:         112   16.907216494845361        16.907216494845361     
 weight:         112  0.20618556701030927       0.20618556701030927     
 freq:         113   17.113402061855670        17.113402061855670     
 weight:         113  0.20618556701030927       0.20618556701030927     
 freq:         114   17.319587628865978        17.319587628865978     
 weight:         114  0.20618556701030927       0.20618556701030927     
 freq:         115   17.525773195876287        17.525773195876287     
 weight:         115  0.20618556701030927       0.20618556701030927     
 freq:         116   17.731958762886595        17.731958762886595     
 weight:         116  0.20618556701030927       0.20618556701030927     
 freq:         117   17.938144329896907        17.938144329896907     
 weight:         117  0.20618556701030927       0.20618556701030927     
 freq:         118   18.144329896907216        18.144329896907216     
 weight:         118  0.20618556701030927       0.20618556701030927     
 freq:         119   18.350515463917525        18.350515463917525     
 weight:         119  0.20618556701030927       0.20618556701030927     
 freq:         120   18.556701030927833        18.556701030927833     
 weight:         120  0.20618556701030927       0.20618556701030927     
 freq:         121   18.762886597938142        18.762886597938142     
 weight:         121  0.20618556701030927       0.20618556701030927     
 freq:         122   18.969072164948454        18.969072164948454     
 weight:         122  0.20618556701030927       0.20618556701030927     
 freq:         123   19.175257731958762        19.175257731958762     
 weight:         123  0.20618556701030927       0.20618556701030927     
 freq:         124   19.381443298969071        19.381443298969071     
 weight:         124  0.20618556701030927       0.20618556701030927     
 freq:         125   19.587628865979379        19.587628865979379     
 weight:         125  0.20618556701030927       0.20618556701030927     
 freq:         126   19.793814432989691        19.793814432989691     
 weight:         126  0.20618556701030927       0.20618556701030927     
 freq:         127   20.000000000000000        20.000000000000000     
 weight:         127  0.20618556701030927       0.20618556701030927     
